<?xml version="1.0" encoding="UTF-8"?>
<!-- Generated by org.testng.reporters.JUnitReportReporter -->
<testsuite hostname="LUK-5CG1196QDG" failures="0" tests="1" name="testRunner.test" time="14.536" errors="0" timestamp="2024-02-06T15:38:33 GMT" skipped="0">
  <testcase classname="testRunner.test" name="runScenario" time="14.536"/>
</testsuite> <!-- testRunner.test -->
