<?xml version="1.0" encoding="UTF-8"?>
<!-- Generated by org.testng.reporters.JUnitReportReporter -->
<testsuite hostname="LUK-5CG1196QDG" failures="1" tests="4" name="testRunner.test" time="26.200" errors="0" timestamp="2024-02-06T16:00:01 GMT" skipped="0">
  <testcase classname="testRunner.test" name="runScenario" time="5.666"/>
  <testcase classname="testRunner.test" name="runScenario" time="4.388">
    <failure message="Page doen&#039;t navigate to the expected page" type="java.lang.AssertionError">
      <![CDATA[java.lang.AssertionError: Page doen't navigate to the expected page
at org.testng.Assert.fail(Assert.java:111)
at Steps.HomePage_Steps.i_navigate_to_the_books_page(HomePage_Steps.java:71)
at âœ½.I navigate to the Books page(file:///C:/Windows/System32/config/systemprofile/eclipse-workspace/Demo_Project/features/Home_Page.feature:20)
]]>
    </failure>
  </testcase> <!-- runScenario -->
  <testcase classname="testRunner.test" name="runScenario" time="4.150"/>
  <testcase classname="testRunner.test" name="runScenario" time="11.996"/>
</testsuite> <!-- testRunner.test -->
