<?xml version="1.0" encoding="UTF-8"?>
<!-- Generated by org.testng.reporters.JUnitReportReporter -->
<testsuite hostname="LUK-5CG1196QDG" failures="0" tests="7" name="testRunner.test" time="32.688" errors="0" timestamp="2024-02-09T14:38:59 GMT" skipped="0">
  <testcase classname="testRunner.test" name="runScenario" time="4.426"/>
  <testcase classname="testRunner.test" name="runScenario" time="4.537"/>
  <testcase classname="testRunner.test" name="runScenario" time="5.924"/>
  <testcase classname="testRunner.test" name="runScenario" time="4.330"/>
  <testcase classname="testRunner.test" name="runScenario" time="4.225"/>
  <testcase classname="testRunner.test" name="runScenario" time="4.352"/>
  <testcase classname="testRunner.test" name="runScenario" time="4.894"/>
</testsuite> <!-- testRunner.test -->
